  dll.cpp
C:\libtensorflow\include\tensorflow/c/c_api.h(1146): warning C4190: 'TF_NewWhile' has C-linkage specified, but returns UDT 'TF_WhileParams' which is incompatible with C
  C:\libtensorflow\include\tensorflow/c/c_api.h(1102): note: see declaration of 'TF_WhileParams'
dll.cpp(82): warning C4996: 'sprintf': This function or variable may be unsafe. Consider using sprintf_s instead. To disable deprecation, use _CRT_SECURE_NO_WARNINGS. See online help for details.
  C:\Program Files (x86)\Windows Kits\10\Include\10.0.10240.0\ucrt\stdio.h(1769): note: see declaration of 'sprintf'
dll.cpp(90): warning C4996: 'sprintf': This function or variable may be unsafe. Consider using sprintf_s instead. To disable deprecation, use _CRT_SECURE_NO_WARNINGS. See online help for details.
  C:\Program Files (x86)\Windows Kits\10\Include\10.0.10240.0\ucrt\stdio.h(1769): note: see declaration of 'sprintf'
dll.cpp(154): warning C4244: '*=': conversion from 'int64_t' to 'int', possible loss of data
dll.cpp(165): warning C4244: '*=': conversion from 'int64_t' to 'int', possible loss of data
dll.cpp(197): warning C4996: 'fopen': This function or variable may be unsafe. Consider using fopen_s instead. To disable deprecation, use _CRT_SECURE_NO_WARNINGS. See online help for details.
  C:\Program Files (x86)\Windows Kits\10\Include\10.0.10240.0\ucrt\stdio.h(205): note: see declaration of 'fopen'
     Creating library C:\Users\Martin\Desktop\YOLOv2-Framework\TF DLL\x64\Release\TF.lib and object C:\Users\Martin\Desktop\YOLOv2-Framework\TF DLL\x64\Release\TF.exp
  Generating code
c:\users\martin\desktop\yolov2-framework\tf dll\dll.cpp(170): warning C4715: 'setupTF': not all control paths return a value
  210 of 212 functions (99.1%) were compiled, the rest were copied from previous compilation.
    8 functions were new in current compilation
    0 functions had inline decision re-evaluated but remain unchanged
  Finished generating code
  TF DLL.vcxproj -> C:\Users\Martin\Desktop\YOLOv2-Framework\TF DLL\x64\Release\TF.dll
  TF DLL.vcxproj -> C:\Users\Martin\Desktop\YOLOv2-Framework\TF DLL\x64\Release\TF.pdb (Full PDB)
